1593008300283	mozrunner::runner	INFO	Running command: "C:\\Program Files (x86)\\Mozilla Firefox\\firefox.exe" "-marionette" "-foreground" "-no-remote" "-profile" "C:\\Users\\Diar\\AppData\\Local\\Temp\\rust_mozprofileaKtK7v"
JavaScript error: resource://gre/modules/XULStore.jsm, line 66: Error: Can't find profile directory.
1593008319684	Marionette	INFO	Listening on port 61605
1593008320091	Marionette	WARN	TLS certificate errors will be ignored for this session
JavaScript error: resource://gre/modules/URIFixup.jsm, line 203: NS_ERROR_FAILURE: Should pass a non-null uri
JavaScript error: resource://gre/modules/NetworkGeolocationProvider.jsm, line 555: TypeError: xhr.response.location is undefined
1593008344109	Marionette	WARN	TimedPromise timed out after 0 ms: stacktrace:
TimedPromise/<@chrome://marionette/content/sync.js:245:13
TimedPromise@chrome://marionette/content/sync.js:230:10
Sleep@chrome://marionette/content/sync.js:283:10
dispatchPause@chrome://marionette/content/action.js:1482:10
toEvents/<@chrome://marionette/content/action.js:1156:16
action.dispatchTickActions@chrome://marionette/content/action.js:1060:35
action.dispatch/chainEvents<@chrome://marionette/content/action.js:1028:20
action.dispatch@chrome://marionette/content/action.js:1034:5
performActions@chrome://marionette/content/listener.js:853:16
dispatch/</req<@chrome://marionette/content/listener.js:527:14
dispatch/<@chrome://marionette/content/listener.js:520:15
1593008344379	Marionette	WARN	TimedPromise timed out after 0 ms: stacktrace:
TimedPromise/<@chrome://marionette/content/sync.js:245:13
TimedPromise@chrome://marionette/content/sync.js:230:10
Sleep@chrome://marionette/content/sync.js:283:10
dispatchPause@chrome://marionette/content/action.js:1482:10
toEvents/<@chrome://marionette/content/action.js:1156:16
action.dispatchTickActions@chrome://marionette/content/action.js:1060:35
action.dispatch/chainEvents<@chrome://marionette/content/action.js:1028:20
1593008344495	Marionette	WARN	TimedPromise timed out after 0 ms: stacktrace:
TimedPromise/<@chrome://marionette/content/sync.js:245:13
TimedPromise@chrome://marionette/content/sync.js:230:10
Sleep@chrome://marionette/content/sync.js:283:10
dispatchPause@chrome://marionette/content/action.js:1482:10
toEvents/<@chrome://marionette/content/action.js:1156:16
action.dispatchTickActions@chrome://marionette/content/action.js:1060:35
action.dispatch/chainEvents<@chrome://marionette/content/action.js:1028:20
JavaScript error: resource://gre/actors/AutoCompleteChild.jsm, line 196: Error: Invalid autocomplete selectedIndex
JavaScript error: resource://gre/actors/AutoCompleteChild.jsm, line 196: Error: Invalid autocomplete selectedIndex
JavaScript error: resource://gre/modules/LoginManagerChild.jsm, line 174: NS_ERROR_XPC_JAVASCRIPT_ERROR_WITH_DETAILS: [JavaScript Error: "Invalid autocomplete selectedIndex" {file: "resource://gre/actors/AutoCompleteChild.jsm" line: 196}]'[JavaScript Error: "Invalid autocomplete selectedIndex" {file: "resource://gre/actors/AutoCompleteChild.jsm" line: 196}]' when calling method: [nsIAutoCompletePopup::selectedIndex]
1593008749006	Marionette	INFO	Stopped listening on port 61605
ram Files (x86)\\Mozilla Firefox\\firefox.exe" "-marionette" "-foreground" "-no-remote" "-profile" "C:\\Users\\Diar\\AppData\\Local\\Temp\\rust_mozprofilexI4yFi"
JavaScript error: resource://gre/modules/XULStore.jsm, line 66: Error: Can't find profile directory.
1593008746595	Marionette	INFO	Listening on port 61890
1593008746813	Marionette	WARN	TLS certificate errors will be ignored for this session
JavaScript error: https://www.google.com/xjs/_/js/k=xjs.qs.id.0KyqxunnRXs.O/ck=xjs.qs.wxs_3j8FSFs.L.W.O/m=quantum/am=AAAAAAIAAACLBu46wQgHigPwLwVIHAAAAIAJAAzB9kKoEJ4kEAABAIDAUgQB/d=1/dg=2/ct=zgms/rs=ACT90oFv-18G7DUHPO6klt-Qvixr90NiAA, line 556: TypeError: ma`bdkMDe`
JavaScript error: resource://gre/actors/PictureInPictureChild.jsm, line 114: InvalidStateError: An attempt was made to use an object that is not, or is no longer, usable
JavaScript error: resource://gre/actors/PictureInPictureChild.jsm, line 114: InvalidStateError: An attempt was made to use an object that is not, or is no longer, usable
JavaScript error: https://www.google.com/xjs/_/js/k=xjs.qs.id.0KyqxunnRXs.O/ck=xjs.qs.wxs_3j8FSFs.L.W.O/m=quantum/am=AAAAAAIAAACLBu46wQgHigPwLwVIHAAAAIAJAAzB9kKoEJ4kEAABAIDAUgQB/d=1/dg=2/ct=zgms/rs=ACT90oFv-18G7DUHPO6klt-Qvixr90NiAA, line 556: TypeError: ma`bdkMDe`
JavaScript error: resource://gre/actors/PictureInPictureChild.jsm, line 114: InvalidStateError: An attempt was made to use an object that is not, or is no longer, usable
JavaScript error: resource://gre/actors/PictureInPictureChild.jsm, line 114: InvalidStateError: An attempt was made to use an object that is not, or is no longer, usable
JavaScript error: https://blogotodidak.com/cara-membuat-bot-auto-like-instagram/, line 488: TypeError: document.getElementById(...) is null
JavaScript error: https://pagead2.googlesyndication.com/pagead/js/adsbygoogle.js, line 53: uncaught exception: TagError: adsbygoogle.push() error: Only one 'enable_page_level_ads' allowed per page.
JavaScript error: https://blogotodidak.com/cara-membuat-bot-auto-like-instagram/, line 488: TypeError: document.getElementById(...) is null
JavaScript error: https://blogotodidak.com/cara-membuat-bot-auto-like-instagram/, line 488: TypeError: document.getElementById(...) is null
JavaScript error: https://blogotodidak.com/cara-membuat-bot-auto-like-instagram/, line 488: TypeError: document.getElementById(...) is null
JavaScript error: https://blogotodidak.com/cara-membuat-bot-auto-like-instagram/, line 488: TypeError: document.getElementById(...) is null
JavaScript error: https://blogotodidak.com/cara-membuat-bot-auto-like-instagram/, line 488: TypeError: document.getElementById(...) is null
JavaScript error: https://blogotodidak.com/cara-membuat-bot-auto-like-instagram/, line 483: TypeError: document.getElementById(...) is null
JavaScript error: https://blogotodidak.com/cara-membuat-bot-auto-like-instagram/, line 483: TypeError: document.getElementById(...) is null
JavaScript error: https://blogotodidak.com/cara-membuat-bot-auto-like-instagram/, line 483: TypeError: document.getElementById(...) is null
JavaScript error: https://blogotodidak.com/cara-membuat-bot-auto-like-instagram/, line 483: TypeError: document.getElementById(...) is null
JavaScript error: https://blogotodidak.com/cara-membuat-bot-auto-like-instagram/, line 483: TypeError: document.getElementById(...) is null
JavaScript error: https://blogotodidak.com/cara-memb1593010796872	Marionette	INFO	Stopped listening on port 62252

###!!! [Child][RunMessage] Error: Channel closing: too late to send/recv, messages will be lost


###!!! [Child][MessageChannel::SendAndWait] Error: Channel error: cannot send/recv

s://blogotodidak.com/cara-membuat-bot-auto-like-instagram/, line 483: TypeError: document.getElementById(...) is null
JavaScript error: https://blogotodidak.com/cara-membuat-bot-auto-like-instagram/, line 483: TypeError: document.getElementById(...) is null
JavaScript error: https://blogotodidak.com/cara-membuat-bot-auto-like-instagram/, line 483: TypeError: document.getElementById(...) is null
JavaScript error: https://blogotodidak.com/cara-membuat-bot-auto-like-instagram/, line 483: TypeError: document.getElementById(...) is null
JavaScript error: https://blogotodidak.com/cara-membuat-bot-auto-like-instagram/, line 483: TypeError: document.getElementById(...) is null
JavaScript error: https://blogotodidak.com/cara-membuat-bot-auto-like-instagram/, line 483: TypeError: document.getElementById(...) is null
JavaScript error: https://blogotodidak.com/cara-membuat-bot-auto-like-instagram/, line 483: TypeError: document.getElementById(...) is null
JavaScript error: https://blogotodidak.com/cara-membuat-bot-auto-like-instagram/, line 483: TypeError: document.getElementById(...) is null
JavaScript error: https://blogotodidak.com/cara-membuat-bot-auto-like-instagram/, line 483: TypeError: document.getElementById(...) is null
JavaScript error: https://blogotodidak.com/cara-membuat-bot-auto-like-instagram/, line 483: TypeError: document.getElementById(...) is null
JavaScript error: https://blogotodidak.com/cara-membuat-bot-auto-like-instagram/, line 483: TypeError: document.getElementById(...) is null
JavaScript error: https://blogotodidak.com/cara-membuat-bot-auto-like-instagram/, line 483: TypeError: document.getElementById(...) is null
JavaScript error: https://blogotodidak.com/cara-membuat-bot-auto-like-instagram/, line 483: TypeError: document.getElementById(...) is null
JavaScript error: https://blogotodidak.com/cara-membuat-bot-auto-like-instagram/, line 483: TypeError: document.getElementById(...) is null
JavaScript error: https://blogotodidak.com/cara-membuat-bot-auto-like-instagram/, line 483: TypeError: document.getElementById(...) is null
JavaScript error: https://blogotodidak.com/cara-membuat-bot-auto-like-instagram/, line 483: TypeError: document.getElementById(...) is null
JavaScript error: https://blogotodidak.com/cara-membuat-bot-auto-like-instagram/, line 483: TypeError: document.getElementById(...) is null
JavaScript error: https://blogotodidak.com/cara-membuat-bot-auto-like-instagram/, line 483: TypeError: document.getElementById(...) is null
JavaScript error: https://blogotodidak.com/cara-membuat-bot-auto-like-instagram/, line 483: TypeError: document.getElementById(...) is null
JavaScript error: https://blogotodidak.com/cara-membuat-bot-auto-like-instagram/, line 483: TypeError: document1593010798100	Marionette	INFO	Stopped listening on port 62964

###!!! [Child][RunMessage] Error: Channel closing: too late to send/recv, messages will be lost


###!!! [Child][MessageChannel::SendAndWait] Error: Channel error: cannot send/recv

 line 483: TypeError: document.getElementById(...) is null
JavaScript error: https://blogotodidak.com/cara-membuat-bot-auto-like-instagram/, line 483: TypeError: document.getElementById(...) is null
JavaScript error: https://blogotodidak.com/cara-membuat-bot-auto-like-instagram/, line 483: TypeError: document.getElementById(...) is null
JavaScript error: https://blogotodidak.com/cara-membuat-bot-auto-like-instagram/, line 483: TypeError: document.getElementById(...) is null
JavaScript error: https://blogotodidak.com/cara-membuat-bot-auto-like-instagram/, line 483: TypeError: document.getElementById(...) is null
JavaScript error: https://blogotodidak.com/cara-membuat-bot-auto-like-instagram/, line 483: TypeError: document.getElementById(...) is null
JavaScript error: https://blogotodidak.com/cara-membuat-bot-auto-like-instagram/, line 483: TypeError: document.getElementById(...) is null
JavaScript error: https://blogotodidak.com/cara-membuat-bot-auto-like-instagram/, line 483: TypeError: document.getElementById(...) is null
JavaScript error: https://blogotodidak.com/cara-membuat-bot-auto-like-instagram/, line 483: TypeError: document.getElementById(...) is null
JavaScript error: https://blogotodidak.com/cara-membuat-bot-auto-like-instagram/, line 483: TypeError: document.getElementById(...) is null
JavaScript error: https://blogotodidak.com/cara-membuat-bot-auto-like-instagram/, line 483: TypeError: document.getElementById(...) is null
JavaScript error: https://blogotodidak.com/cara-membuat-bot-auto-like-instagram/, line 483: TypeError: document.getElementById(...) is null
JavaScript error: https://blogotodidak.com/cara-membuat-bot-auto-like-instagram/, line 483: TypeError: document.getElementById(...) is null
JavaScript error: https://blogotodidak.com/cara-membuat-bot-auto-like-instagram/, line 483: TypeError: document.getElementById(...) is null
JavaScript error: https://blogotodidak.com/cara-membuat-bot-auto-like-instagram/, line 483: TypeError: document.getElementById(...) is null
JavaScript error: https://blogotodidak.com/cara-membuat-bot-auto-like-instagram/, line 483: TypeError: document.getElementById(...) is null
JavaScript error: https://blogotodidak.com/cara-membuat-bot-auto-like-instagram/, line 483: TypeError: document.getElementById(...) is null
JavaScript error: https://blogotodidak.com/cara-membuat-bot-auto-like-instagram/, line 483: TypeError: document.getElementById(...) is null
JavaScript error: https://blogotodidak.com/cara-membuat-bot-auto-like-instagram/, line 483: TypeError: document.getElementById(...) is null
JavaScript error: https://blogotodidak.com/cara-membuat-bot-auto-like-instagram/, line 483: TypeError: document.getElementById(...) is null
JavaScript error: https://blogotodidak.com/cara-membuat-bot-auto-like-instagram/, line 483: TypeError: document.getElementById(...) is null
JavaScript error: https://blogotodidak.com/cara-membuat-bot-auto-like-instagram/, line 483: TypeError: document.getElementById(...) is null
JavaScript error: https://blogotodidak.com/cara-membuat-bot-auto-like-instagram/, line 483: TypeError: document.getElementById(...) is null
JavaScript error: https://blogotodidak.com/cara-membuat-bot-auto-like-instagram/, line 483: TypeError: document.getElementById(...) is null
JavaScript error: https://blogotodidak.com/cara-membuat-bot-auto-like-instagram/, line 483: TypeError: document.getElementById(...) is null
JavaScript error: https://blogotodidak.com/cara-membuat-bot-auto-like-instagram/, line 483: TypeError: document.getElementById(...) is null
JavaScript error: https://blogotodidak.com/cara-membuat-bot-auto-like-instagram/, line 483: TypeError: document.getElementById(...) is null
JavaScript error: https://blogotodidak.com/cara-membuat-bot-auto-like-instagram/, line 483: TypeError: document.getElementById(...) is null
JavaScript error: https://blogotodidak.com/cara-membuat-bot-auto-like-instagram/, line 483: TypeError: document.getElementById(...) is null
JavaScript error: https://blogotodidak.com/cara-membuat-bot-auto-like-instagram/, line 483: TypeError: document.getElementById(...) is null
JavaScript error: https://blogotodidak.com/cara-membuat-bot-auto-like-instagram/, line 483: TypeError: document.getElementById(...) is null
JavaScript error: https://blogotodidak.com/cara-membuat-bot-auto-like-instagram/, line 483: TypeError: document.getElementById(...) is null
JavaScript error: https://blogotodidak.com/cara-membuat-bot-auto-like-instagram/, line 483: TypeError: document.getElementById(...) is null
JavaScript error: https://blogotodidak.com/cara-membuat-bot-auto-like-instagram/, line 483: TypeError: document.getElementById(...) is null
JavaScript error: https://blogotodidak.com/cara-membuat-bot-auto-like-instagram/, line 483: TypeError: document.getElementById(...) is null
[Parent 2464, Gecko_IOThread] WARNING: file /builds/worker/checkouts/gecko/ipc/chromium/src/base/process_util_win.cc, line 166
JavaScript error: https://blogotodidak.com/cara-membuat-bot-auto-like-instagram/, line 483: TypeError: document.getElementById(...) is null
JavaScript error: https://blogotodidak.com/cara-membuat-bot-auto-like-instagram/, line 483: TypeError: document.getElementById(...) is null
JavaScript error: https://blogotodidak.com/cara-membuat-bot-auto-like-instagram/, line 483: TypeError: document.getElementById(...) is null
JavaScript error: https://blogotodidak.com/cara-membuat-bot-auto-like-instagram/, line 483: TypeError: document.getElementById(...) is null
JavaScript error: https://blogotodidak.com/cara-membuat-bot-auto-like-instagram/, line 483: TypeError: document.getElementById(...) is null
JavaScript error: https://blogotodidak.com/cara-membuat-bot-auto-like-instagram/, line 483: TypeError: document.getElementById(...) is null
JavaScript error: https://blogotodidak.com/cara-membuat-bot-auto-like-instagram/, line 483: TypeError: document.getElementById(...) is null
JavaScript error: https://blogotodidak.com/cara-membuat-bot-auto-like-instagram/, line 483: TypeError: document.getElementById(...) is null
JavaScript error: https://blogotodidak.com/cara-membuat-bot-auto-like-instagram/, line 483: TypeError: document.getElementById(...) is null
JavaScript error: https://blogotodidak.com/cara-membuat-bot-auto-like-instagram/, line 483: TypeError: document.getElementById(...) is null
JavaScript error: https://blogotodidak.com/cara-membuat-bot-auto-like-instagram/, line 483: TypeError: document.getElementById(...) is null
JavaScript error: https://blogotodidak.com/cara-membuat-bot-auto-like-instagram/, line 483: TypeError: document.getElementById(...) is null
JavaScript error: https://blogotodidak.com/cara-membuat-bot-auto-like-instagram/, line 483: TypeError: document.getElementById(...) is null
JavaScript error: https://blogotodidak.com/cara-membuat-bot-auto-like-instagram/, line 483: TypeError: document.getElementById(...) is null
JavaScript error: https://blogotodidak.com/cara-membuat-bot-auto-like-instagram/, line 483: TypeError: document.getElementById(...) is null
JavaScript error: https://blogotodidak.com/cara-membuat-bot-auto-like-instagram/, line 483: TypeError: document.getElementById(...) is null
JavaScript error: https://blogotodidak.com/cara-membuat-bot-auto-like-instagram/, line 483: TypeError: document.getElementById(...) is null
JavaScript error: https://blogotodidak.com/cara-membuat-bot-auto-like-instagram/, line 483: TypeError: document.getElementById(...) is null
JavaScript error: https://blogotodidak.com/cara-membuat-bot-auto-like-instagram/, line 483: TypeError: document.getElementById(...) is null
JavaScript error: https://blogotodidak.com/cara-membuat-bot-auto-like-instagram/, line 483: TypeError: document.getElementById(...) is null
JavaScript error: https://blogotodidak.com/cara-membuat-bot-auto-like-instagram/, line 483: TypeError: document.getElementById(...) is null
JavaScript error: https://blogotodidak.com/cara-membuat-bot-auto-like-instagram/, line 483: TypeError: document.getElementById(...) is null
JavaScript error: https://blogotodidak.com/cara-membuat-bot-auto-like-instagram/, line 483: TypeError: document.getElementById(...) is null
JavaScript error: https://blogotodidak.com/cara-membuat-bot-auto-like-instagram/, line 483: TypeError: document.getElementById(...) is null
JavaScript error: https://blogotodidak.com/cara-membuat-bot-auto-like-instagram/, line 483: TypeError: document.getElementById(...) is null
JavaScript error: https://blogotodidak.com/cara-membuat-bot-auto-like-instagram/, line 483: TypeError: document.getElementById(...) is null
JavaScript error: https://blogotodidak.com/cara-membuat-bot-auto-like-instagram/, line 483: TypeError: document.getElementById(...) is null
JavaScript error: https://blogotodidak.com/cara-membuat-bot-auto-like-instagram/, line 483: TypeError: document.getElementById(...) is null
JavaScript error: https://blogotodidak.com/cara-membuat-bot-auto-like-instagram/, line 483: TypeError: document.getElementById(...) is null
JavaScript error: https://blogotodidak.com/cara-membuat-bot-auto-like-instagram/, line 483: TypeError: document.getElementById(...) is null
JavaScript error: https://blogotodidak.com/cara-membuat-bot-auto-like-instagram/, line 483: TypeError: document.getElementById(...) is null
JavaScript error: https://blogotodidak.com/cara-membuat-bot-auto-like-instagram/, line 483: TypeError: document.getElementById(...) is null
JavaScript error: https://blogotodidak.com/cara-membuat-bot-auto-like-instagram/, line 483: TypeError: document.getElementById(...) is null
JavaScript error: https://blogotodidak.com/cara-membuat-bot-auto-like-instagram/, line 483: TypeError: document.getElementById(...) is null
JavaScript error: https://blogotodidak.com/cara-membuat-bot-auto-like-instagram/, line 483: TypeError: document.getElementById(...) is null
JavaScript error: https://blogotodidak.com/cara-membuat-bot-auto-like-instagram/, line 483: TypeError: document.getElementById(...) is null
JavaScript error: https://blogotodidak.com/cara-membuat-bot-auto-like-instagram/, line 483: TypeError: document.getElementById(...) is null
JavaScript error: https://blogotodidak.com/cara-membuat-bot-auto-like-instagram/, line 483: TypeError: document.getElementById(...) is null
JavaScript error: https://blogotodidak.com/cara-membuat-bot-auto-like-instagram/, line 483: TypeError: document.getElementById(...) is null
JavaScript error: https://blogotodidak.com/cara-membuat-bot-auto-like-instagram/, line 483: TypeError: document.getElementById(...) is null
JavaScript error: https://blogotodidak.com/cara-membuat-bot-auto-like-instagram/, line 483: TypeError: document.getElementById(...) is null
JavaScript error: https://blogotodidak.com/cara-membuat-bot-auto-like-instagram/, line 483: TypeError: document.getElementById(...) is null
JavaScript error: https://blogotodidak.com/cara-membuat-bot-auto-like-instagram/, line 483: TypeError: document.getElementById(...) is null
JavaScript error: https://blogotodidak.com/cara-membuat-bot-auto-like-instagram/, line 483: TypeError: document.getElementById(...) is null
JavaScript error: https://blogotodidak.com/cara-membuat-bot-auto-like-instagram/, line 483: TypeError: document.getElementById(...) is null
JavaScript error: https://blogotodidak.com/cara-membuat-bot-auto-like-instagram/, line 483: TypeError: document.getElementById(...) is null
JavaScript error: https://blogotodidak.com/cara-membuat-bot-auto-like-instagram/, line 483: TypeError: document.getElementById(...) is null
JavaScript error: https://blogotodidak.com/cara-membuat-bot-auto-like-instagram/, line 483: TypeError: document.getElementById(...) is null
JavaScript error: https://blogotodidak.com/cara-membuat-bot-auto-like-instagram/, line 483: TypeError: document.getElementById(...) is null
JavaScript error: https://blogotodidak.com/cara-membuat-bot-auto-like-instagram/, line 483: TypeError: document.getElementById(...) is null
JavaScript error: https://blogotodidak.com/cara-membuat-bot-auto-like-instagram/, line 483: TypeError: document.getElementById(...) is null
JavaScript error: https://blogotodidak.com/cara-membuat-bot-auto-like-instagram/, line 483: TypeError: document.getElementById(...) is null
JavaScript error: https://blogotodidak.com/cara-membuat-bot-auto-like-instagram/, line 483: TypeError: document.getElementById(...) is null
JavaScript error: https://blogotodidak.com/cara-membuat-bot-auto-like-instagram/, line 483: TypeError: document.getElementById(...) is null
JavaScript error: https://blogotodidak.com/cara-membuat-bot-auto-like-instagram/, line 483: TypeError: document.getElementById(...) is null
JavaScript error: https://blogotodidak.com/cara-membuat-bot-auto-like-instagram/, line 483: TypeError: document.getElementById(...) is null
JavaScript error: https://blogotodidak.com/cara-membuat-bot-auto-like-instagram/, line 483: TypeError: document.getElementById(...) is null
JavaScript error: https://blogotodidak.com/cara-membuat-bot-auto-like-instagram/, line 483: TypeError: document.getElementById(...) is null
JavaScript error: https://blogotodidak.com/cara-membuat-bot-auto-like-instagram/, line 483: TypeError: document.getElementById(...) is null
JavaScript error: https://blogotodidak.com/cara-membuat-bot-auto-like-instagram/, line 483: TypeError: document.getElementById(...) is null
JavaScript error: https://blogotodidak.com/cara-membuat-bot-auto-like-instagram/, line 483: TypeError: document.getElementById(...) is null
JavaScript error: https://blogotodidak.com/cara-membuat-bot-auto-like-instagram/, line 483: TypeError: document.getElementById(...) is null
JavaScript error: https://blogotodidak.com/cara-membuat-bot-auto-like-instagram/, line 483: TypeError: document.getElementById(...) is null
JavaScript error: https://blogotodidak.com/cara-membuat-bot-auto-like-instagram/, line 483: TypeError: document.getElementById(...) is null
JavaScript error: https://blogotodidak.com/cara-membuat-bot-auto-like-instagram/, line 483: TypeError: document.getElementById(...) is null
JavaScript error: https://blogotodidak.com/cara-membuat-bot-auto-like-instagram/, line 483: TypeError: document.getElementById(...) is null
JavaScript error: https://blogotodidak.com/cara-membuat-bot-auto-like-instagram/, line 483: TypeError: document.getElementById(...) is null
JavaScript error: https://blogotodidak.com/cara-membuat-bot-auto-like-instagram/, line 483: TypeError: document.getElementById(...) is null
JavaScript error: https://blogotodidak.com/cara-membuat-bot-auto-like-instagram/, line 483: TypeError: document.getElementById(...) is null
JavaScript error: https://blogotodidak.com/cara-membuat-bot-auto-like-instagram/, line 483: TypeError: document.getElementById(...) is null
JavaScript error: https://blogotodidak.com/cara-membuat-bot-auto-like-instagram/, line 483: TypeError: document.getElementById(...) is null
JavaScript error: https://blogotodidak.com/cara-membuat-bot-auto-like-instagram/, line 483: TypeError: document.getElementById(...) is null
JavaScript error: https://blogotodidak.com/cara-membuat-bot-auto-like-instagram/, line 483: TypeError: document.getElementById(...) is null
JavaScript error: https://blogotodidak.com/cara-membuat-bot-auto-like-instagram/, line 483: TypeError: document.getElementById(...) is null
JavaScript error: https://blogotodidak.com/cara-membuat-bot-auto-like-instagram/, line 483: TypeError: document.getElementById(...) is null
JavaScript error: https://blogotodidak.com/cara-membuat-bot-auto-like-instagram/, line 483: TypeError: document.getElementById(...) is null
JavaScript error: https://blogotodidak.com/cara-membuat-bot-auto-like-instagram/, line 483: TypeError: document.getElementById(...) is null
JavaScript error: https://blogotodidak.com/cara-membuat-bot-auto-like-instagram/, line 483: TypeError: document.getElementById(...) is null
JavaScript error: https://blogotodidak.com/cara-membuat-bot-auto-like-instagram/, line 483: TypeError: document.getElementById(...) is null
JavaScript error: https://blogotodidak.com/cara-membuat-bot-auto-like-instagram/, line 483: TypeError: document.getElementById(...) is null
JavaScript error: https://blogotodidak.com/cara-membuat-bot-auto-like-instagram/, line 483: TypeError: document.getElementById(...) is null
JavaScript error: https://blogotodidak.com/cara-membuat-bot-auto-like-instagram/, line 483: TypeError: document.getElementById(...) is null
JavaScript error: https://blogotodidak.com/cara-membuat-bot-auto-like-instagram/, line 483: TypeError: document.getElementById(...) is null
JavaScript error: https://blogotodidak.com/cara-membuat-bot-auto-like-instagram/, line 483: TypeError: document.getElementById(...) is null
JavaScript error: https://blogotodidak.com/cara-membuat-bot-auto-like-instagram/, line 483: TypeError: document.getElementById(...) is null
JavaScript error: https://blogotodidak.com/cara-membuat-bot-auto-like-instagram/, line 483: TypeError: document.getElementById(...) is null
JavaScript error: https://blogotodidak.com/cara-membuat-bot-auto-like-instagram/, line 483: TypeError: document.getElementById(...) is null
JavaScript error: https://blogotodidak.com/cara-membuat-bot-auto-like-instagram/, line 483: TypeError: document.getElementById(...) is null
JavaScript error: https://blogotodidak.com/cara-membuat-bot-auto-like-instagram/, line 483: TypeError: document.getElementById(...) is null
JavaScript error: https://blogotodidak.com/cara-membuat-bot-auto-like-instagram/, line 483: TypeError: document.getElementById(...) is null
JavaScript error: https://blogotodidak.com/cara-membuat-bot-auto-like-instagram/, line 483: TypeError: document.getElementById(...) is null
JavaScript error: https://blogotodidak.com/cara-membuat-bot-auto-like-instagram/, line 483: TypeError: document.getElementById(...) is null
JavaScript error: https://blogotodidak.com/cara-membuat-bot-auto-like-instagram/, line 483: TypeError: document.getElementById(...) is null
JavaScript error: https://blogotodidak.com/cara-membuat-bot-auto-like-instagram/, line 483: TypeError: document.getElementById(...) is null
JavaScript error: https://blogotodidak.com/cara-membuat-bot-auto-like-instagram/, line 483: TypeError: document.getElementById(...) is null
JavaScript error: https://blogotodidak.com/cara-membuat-bot-auto-like-instagram/, line 483: TypeError: document.getElementById(...) is null
JavaScript error: https://blogotodidak.com/cara-membuat-bot-auto-like-instagram/, line 483: TypeError: document.getElementById(...) is null
JavaScript error: https://blogotodidak.com/cara-membuat-bot-auto-like-instagram/, line 483: TypeError: document.getElementById(...) is null
JavaScript error: https://blogotodidak.com/cara-membuat-bot-auto-like-instagram/, line 483: TypeError: document.getElementById(...) is null
JavaScript error: https://blogotodidak.com/cara-membuat-bot-auto-like-instagram/, line 483: TypeError: document.getElementById(...) is null
JavaScript error: https://blogotodidak.com/cara-membuat-bot-auto-like-instagram/, line 483: TypeError: document.getElementById(...) is null
JavaScript error: https://blogotodidak.com/cara-membuat-bot-auto-like-instagram/, line 483: TypeError: document.getElementById(...) is null
JavaScript error: https://blogotodidak.com/cara-membuat-bot-auto-like-instagram/, line 483: TypeError: document.getElementById(...) is null
JavaScript error: https://blogotodidak.com/cara-membuat-bot-auto-like-instagram/, line 483: TypeError: document.getElementById(...) is null
JavaScript error: https://blogotodidak.com/cara-membuat-bot-auto-like-instagram/, line 483: TypeError: document.getElementById(...) is null
JavaScript error: https://blogotodidak.com/cara-membuat-bot-auto-like-instagram/, line 483: TypeError: document.getElementById(...) is null
JavaScript error: https://blogotodidak.com/cara-membuat-bot-auto-like-instagram/, line 483: TypeError: document.getElementById(...) is null
JavaScript error: https://blogotodidak.com/cara-membuat-bot-auto-like-instagram/, line 483: TypeError: document.getElementById(...) is null
JavaScript error: https://blogotodidak.com/cara-membuat-bot-auto-like-instagram/, line 483: TypeError: document.getElementById(...) is null
JavaScript error: https://blogotodidak.com/cara-membuat-bot-auto-like-instagram/, line 483: TypeError: document.getElementById(...) is null
JavaScript error: https://blogotodidak.com/cara-membuat-bot-auto-like-instagram/, line 483: TypeError: document.getElementById(...) is null
JavaScript error: https://blogotodidak.com/cara-membuat-bot-auto-like-instagram/, line 483: TypeError: document.getElementById(...) is null
JavaScript error: https://blogotodidak.com/cara-membuat-bot-auto-like-instagram/, line 483: TypeError: document.getElementById(...) is null
JavaScript error: https://blogotodidak.com/cara-membuat-bot-auto-like-instagram/, line 483: TypeError: document.getElementById(...) is null
JavaScript error: https://blogotodidak.com/cara-membuat-bot-auto-like-instagram/, line 483: TypeError: document.getElementById(...) is null
JavaScript error: https://blogotodidak.com/cara-membuat-bot-auto-like-instagram/, line 483: TypeError: document.getElementById(...) is null
JavaScript error: https://blogotodidak.com/cara-membuat-bot-auto-like-instagram/, line 483: TypeError: document.getElementById(...) is null
JavaScript error: https://blogotodidak.com/cara-membuat-bot-auto-like-instagram/, line 483: TypeError: document.getElementById(...) is null
JavaScript error: https://blogotodidak.com/cara-membuat-bot-auto-like-instagram/, line 483: TypeError: document.getElementById(...) is null
JavaScript error: https://blogotodidak.com/cara-membuat-bot-auto-like-instagram/, line 483: TypeError: document.getElementById(...) is null
JavaScript error: https://blogotodidak.com/cara-membuat-bot-auto-like-instagram/, line 483: TypeError: document.getElementById(...) is null
JavaScript error: https://blogotodidak.com/cara-membuat-bot-auto-like-instagram/, line 483: TypeError: document.getElementById(...) is null
JavaScript error: https://blogotodidak.com/cara-membuat-bot-auto-like-instagram/, line 483: TypeError: document.getElementById(...) is null
JavaScript error: https://blogotodidak.com/cara-membuat-bot-auto-like-instagram/, line 483: TypeError: document.getElementById(...) is null
JavaScript error: https://blogotodidak.com/cara-membuat-bot-auto-like-instagram/, line 483: TypeError: document.getElementById(...) is null
JavaScript error: https://blogotodidak.com/cara-membuat-bot-auto-like-instagram/, line 483: TypeError: document.getElementById(...) is null
JavaScript error: https://blogotodidak.com/cara-membuat-bot-auto-like-instagram/, line 483: TypeError: document.getElementById(...) is null
JavaScript error: https://blogotodidak.com/cara-membuat-bot-auto-like-instagram/, line 483: TypeError: document.getElementById(...) is null
JavaScript error: https://blogotodidak.com/cara-membuat-bot-auto-like-instagram/, line 483: TypeError: document.getElementById(...) is null
JavaScript error: https://blogotodidak.com/cara-membuat-bot-auto-like-instagram/, line 483: TypeError: document.getElementById(...) is null
JavaScript error: https://blogotodidak.com/cara-membuat-bot-auto-like-instagram/, line 483: TypeError: document.getElementById(...) is null
JavaScript error: https://blogotodidak.com/cara-membuat-bot-auto-like-instagram/, line 483: TypeError: document.getElementById(...) is null
JavaScript error: https://blogotodidak.com/cara-membuat-bot-auto-like-instagram/, line 483: TypeError: document.getElementById(...) is null
JavaScript error: https://blogotodidak.com/cara-membuat-bot-auto-like-instagram/, line 483: TypeError: document.getElementById(...) is null
JavaScript error: https://blogotodidak.com/cara-membuat-bot-auto-like-instagram/, line 483: TypeError: document.getElementById(...) is null
JavaScript error: https://blogotodidak.com/cara-membuat-bot-auto-like-instagram/, line 483: TypeError: document.getElementById(...) is null
JavaScript error: https://blogotodidak.com/cara-membuat-bot-auto-like-instagram/, line 483: TypeError: document.getElementById(...) is null
JavaScript error: https://blogotodidak.com/cara-membuat-bot-auto-like-instagram/, line 483: TypeError: document.getElementById(...) is null
JavaScript error: https://blogotodidak.com/cara-membuat-bot-auto-like-instagram/, line 483: TypeError: document.getElementById(...) is null
JavaScript error: https://blogotodidak.com/cara-membuat-bot-auto-like-instagram/, line 483: TypeError: document.getElementById(...) is null
JavaScript error: https://blogotodidak.com/cara-membuat-bot-auto-like-instagram/, line 483: TypeError: document.getElementById(...) is null
JavaScript error: https://blogotodidak.com/cara-membuat-bot-auto-like-instagram/, line 483: TypeError: document.getElementById(...) is null
JavaScript error: https://blogotodidak.com/cara-membuat-bot-auto-like-instagram/, line 483: TypeError: document.getElementById(...) is null
JavaScript error: https://blogotodidak.com/cara-membuat-bot-auto-like-instagram/, line 483: TypeError: document.getElementById(...) is null
JavaScript error: https://blogotodidak.com/cara-membuat-bot-auto-like-instagram/, line 483: TypeError: document.getElementById(...) is null
JavaScript error: https://blogotodidak.com/cara-membuat-bot-auto-like-instagram/, line 483: TypeError: document.getElementById(...) is null
JavaScript error: https://blogotodidak.com/cara-membuat-bot-auto-like-instagram/, line 483: TypeError: document.getElementById(...) is null
JavaScript error: https://blogotodidak.com/cara-membuat-bot-auto-like-instagram/, line 483: TypeError: document.getElementById(...) is null
JavaScript error: https://blogotodidak.com/cara-membuat-bot-auto-like-instagram/, line 483: TypeError: document.getElementById(...) is null
JavaScript error: https://blogotodidak.com/cara-membuat-bot-auto-like-instagram/, line 483: TypeError: document.getElementById(...) is null
JavaScript error: https://blogotodidak.com/cara-membuat-bot-auto-like-instagram/, line 483: TypeError: document.getElementById(...) is null
JavaScript error: https://blogotodidak.com/cara-membuat-bot-auto-like-instagram/, line 483: TypeError: document.getElementById(...) is null
JavaScript error: https://blogotodidak.com/cara-membuat-bot-auto-like-instagram/, line 483: TypeError: document.getElementById(...) is null
JavaScript error: https://blogotodidak.com/cara-membuat-bot-auto-like-instagram/, line 483: TypeError: document.getElementById(...) is null
JavaScript error: https://blogotodidak.com/cara-membuat-bot-auto-like-instagram/, line 483: TypeError: document.getElementById(...) is null
JavaScript error: https://blogotodidak.com/cara-membuat-bot-auto-like-instagram/, line 483: TypeError: document.getElementById(...) is null
JavaScript error: https://blogotodidak.com/cara-membuat-bot-auto-like-instagram/, line 483: TypeError: document.getElementById(...) is null
JavaScript error: https://blogotodidak.com/cara-membuat-bot-auto-like-instagram/, line 483: TypeError: document.getElementById(...) is null
JavaScript error: https://blogotodidak.com/cara-membuat-bot-auto-like-instagram/, line 483: TypeError: document.getElementById(...) is null
JavaScript error: https://blogotodidak.com/cara-membuat-bot-auto-like-instagram/, line 483: TypeError: document.getElementById(...) is null
JavaScript error: https://blogotodidak.com/cara-membuat-bot-auto-like-instagram/, line 483: TypeError: document.getElementById(...) is null
JavaScript error: https://blogotodidak.com/cara-membuat-bot-auto-like-instagram/, line 483: TypeError: document.getElementById(...) is null
JavaScript error: https://blogotodidak.com/cara-membuat-bot-auto-like-instagram/, line 483: TypeError: document.getElementById(...) is null
JavaScript error: https://blogotodidak.com/cara-membuat-bot-auto-like-instagram/, line 483: TypeError: document.getElementById(...) is null
JavaScript error: https://blogotodidak.com/cara-membuat-bot-auto-like-instagram/, line 483: TypeError: document.getElementById(...) is null
JavaScript error: https://blogotodidak.com/cara-membuat-bot-auto-like-instagram/, line 483: TypeError: document.getElementById(...) is null
JavaScript error: https://blogotodidak.com/cara-membuat-bot-auto-like-instagram/, line 483: TypeError: document.getElementById(...) is null
JavaScript error: https://blogotodidak.com/cara-membuat-bot-auto-like-instagram/, line 483: TypeError: document.getElementById(...) is null
JavaScript error: https://blogotodidak.com/cara-membuat-bot-auto-like-instagram/, line 483: TypeError: document.getElementById(...) is null
JavaScript error: https://blogotodidak.com/cara-membuat-bot-auto-like-instagram/, line 483: TypeError: document.getElementById(...) is null
JavaScript error: https://blogotodidak.com/cara-membuat-bot-auto-like-instagram/, line 483: TypeError: document.getElementById(...) is null
JavaScript error: https://blogotodidak.com/cara-membuat-bot-auto-like-instagram/, line 483: TypeError: document.getElementById(...) is null
JavaScript error: https://blogotodidak.com/cara-membuat-bot-auto-like-instagram/, line 483: TypeError: document.getElementById(...) is null
JavaScript error: https://blogotodidak.com/cara-membuat-bot-auto-like-instagram/, line 483: TypeError: document.getElementById(...) is null
JavaScript error: https://blogotodidak.com/cara-membuat-bot-auto-like-instagram/, line 483: TypeError: document.getElementById(...) is null
JavaScript error: https://blogotodidak.com/cara-membuat-bot-auto-like-instagram/, line 483: TypeError: document.getElementById(...) is null
JavaScript error: https://blogotodidak.com/cara-membuat-bot-auto-like-instagram/, line 483: TypeError: document.getElementById(...) is null
JavaScript error: https://blogotodidak.com/cara-membuat-bot-auto-like-instagram/, line 483: TypeError: document.getElementById(...) is null
JavaScript error: https://blogotodidak.com/cara-membuat-bot-auto-like-instagram/, line 483: TypeError: document.getElementById(...) is null
JavaScript error: https://blogotodidak.com/cara-membuat-bot-auto-like-instagram/, line 483: TypeError: document.getElementById(...) is null
JavaScript error: https://blogotodidak.com/cara-membuat-bot-auto-like-instagram/, line 483: TypeError: document.getElementById(...) is null
JavaScript error: https://blogotodidak.com/cara-membuat-bot-auto-like-instagram/, line 483: TypeError: document.getElementById(...) is null
JavaScript error: https://blogotodidak.com/cara-membuat-bot-auto-like-instagram/, line 483: TypeError: document.getElementById(...) is null
JavaScript error: https://blogotodidak.com/cara-membuat-bot-auto-like-instagram/, line 483: TypeError: document.getElementById(...) is null
JavaScript error: https://blogotodidak.com/cara-membuat-bot-auto-like-instagram/, line 483: TypeError: document.getElementById(...) is null
JavaScript error: https://blogotodidak.com/cara-membuat-bot-auto-like-instagram/, line 483: TypeError: document.getElementById(...) is null
JavaScript error: https://blogotodidak.com/cara-membuat-bot-auto-like-instagram/, line 483: TypeError: document.getElementById(...) is null
JavaScript error: https://blogotodidak.com/cara-membuat-bot-auto-like-instagram/, line 483: TypeError: document.getElementById(...) is null
JavaScript error: https://blogotodidak.com/cara-membuat-bot-auto-like-instagram/, line 483: TypeError: document.getElementById(...) is null
JavaScript error: https://blogotodidak.com/cara-membuat-bot-auto-like-instagram/, line 483: TypeError: document.getElementById(...) is null
JavaScript error: https://blogotodidak.com/cara-membuat-bot-auto-like-instagram/, line 483: TypeError: document.getElementById(...) is null
JavaScript error: https://blogotodidak.com/cara-membuat-bot-auto-like-instagram/, line 483: TypeError: document.getElementById(...) is null
JavaScript error: https://blogotodidak.com/cara-membuat-bot-auto-like-instagram/, line 483: TypeError: document.getElementById(...) is null
JavaScript error: https://blogotodidak.com/cara-membuat-bot-auto-like-instagram/, line 483: TypeError: document.getElementById(...) is null
JavaScript error: https://blogotodidak.com/cara-membuat-bot-auto-like-instagram/, line 483: TypeError: document.getElementById(...) is null
JavaScript error: https://blogotodidak.com/cara-membuat-bot-auto-like-instagram/, line 483: TypeError: document.getElementById(...) is null
JavaScript error: https://blogotodidak.com/cara-membuat-bot-auto-like-instagram/, line 483: TypeError: document.getElementById(...) is null
JavaScript error: https://blogotodidak.com/cara-membuat-bot-auto-like-instagram/, line 483: TypeError: document.getElementById(...) is null
JavaScript error: https://blogotodidak.com/cara-membuat-bot-auto-like-instagram/, line 483: TypeError: document.getElementById(...) is null
JavaScript error: https://blogotodidak.com/cara-membuat-bot-auto-like-instagram/, line 483: TypeError: document.getElementById(...) is null
JavaScript error: https://blogotodidak.com/cara-membuat-bot-auto-like-instagram/, line 483: TypeError: document.getElementById(...) is null
JavaScript error: https://blogotodidak.com/cara-membuat-bot-auto-like-instagram/, line 483: TypeError: document.getElementById(...) is null
JavaScript error: https://blogotodidak.com/cara-membuat-bot-auto-like-instagram/, line 483: TypeError: document.getElementById(...) is null
JavaScript error: https://blogotodidak.com/cara-membuat-bot-auto-like-instagram/, line 483: TypeError: document.getElementById(...) is null
JavaScript error: https://blogotodidak.com/cara-membuat-bot-auto-like-instagram/, line 483: TypeError: document.getElementById(...) is null
JavaScript error: https://blogotodidak.com/cara-membuat-bot-auto-like-instagram/, line 483: TypeError: document.getElementById(...) is null
JavaScript error: https://blogotodidak.com/cara-membuat-bot-auto-like-instagram/, line 483: TypeError: document.getElementById(...) is null
JavaScript error: https://blogotodidak.com/cara-membuat-bot-auto-like-instagram/, line 483: TypeError: document.getElementById(...) is null
1593010792395	Marionette	INFO	Stopped listening on port 61890

###!!! [Child][RunMessage] Error: Channel closing: too late to send/recv, messages will be lost


###!!! [Child][MessageChannel::SendAndWait] Error: Channel error: cannot send/recv

1593012062240	mozrunner::runner	INFO	Running command: "C:\\Program Files (x86)\\Mozilla Firefox\\firefox.exe" "-marionette" "-foreground" "-no-remote" "-profile" "C:\\Users\\Diar\\AppData\\Local\\Temp\\rust_mozprofile3T4mwN"
JavaScript error: resource://gre/modules/XULStore.jsm, line 66: Error: Can't find profile directory.
1593012082878	Marionette	INFO	Listening on port 64092
1593012083306	Marionette	WARN	TLS certificate errors will be ignored for this session
JavaScript error: resource://gre/modules/URIFixup.jsm, line 203: NS_ERROR_FAILURE: Should pass a non-null uri
1593012096238	Marionette	WARN	TimedPromise timed out after 0 ms: stacktrace:
TimedPromise/<@chrome://marionette/content/sync.js:245:13
TimedPromise@chrome://marionette/content/sync.js:230:10
Sleep@chrome://marionette/content/sync.js:283:10
dispatchPause@chrome://marionette/content/action.js:1482:10
toEvents/<@chrome://marionette/content/action.js:1156:16
action.dispatchTickActions@chrome://marionette/content/action.js:1060:35
action.dispatch/chainEvents<@chrome://marionette/content/action.js:1028:20
action.dispatch@chrome://marionette/content/action.js:1034:5
performActions@chrome://marionette/content/listener.js:853:16
dispatch/</req<@chrome://marionette/content/listener.js:527:14
dispatch/<@chrome://marionette/content/listener.js:520:15
1593012096523	Marionette	WARN	TimedPromise timed out after 0 ms: stacktrace:
TimedPromise/<@chrome://marionette/content/sync.js:245:13
TimedPromise@chrome://marionette/content/sync.js:230:10
Sleep@chrome://marionette/content/sync.js:283:10
dispatchPause@chrome://marionette/content/action.js:1482:10
toEvents/<@chrome://marionette/content/action.js:1156:16
action.dispatchTickActions@chrome://marionette/content/action.js:1060:35
action.dispatch/chainEvents<@chrome://marionette/content/action.js:1028:20
1593012096741	Marionette	WARN	TimedPromise timed out after 0 ms: stacktrace:
TimedPromise/<@chrome://marionette/content/sync.js:245:13
TimedPromise@chrome://marionette/content/sync.js:230:10
Sleep@chrome://marionette/content/sync.js:283:10
dispatchPause@chrome://marionette/content/action.js:1482:10
toEvents/<@chrome://marionette/content/action.js:1156:16
action.dispatchTickActions@chrome://marionette/content/action.js:1060:35
action.dispatch/chainEvents<@chrome://marionette/content/action.js:1028:20

###!!! [Child][RunMessage] Error: Channel closing: too late to send/recv, messages will be lost


###!!! [Child][RunMessage] Error: Channel closing: too late to send/recv, messages will be lost


###!!! [Child][RunMessage] Error: Channel closing: too late to send/recv, messages will be lost


###!!! [Child][RunMessage] Error: Channel closing: too late to send/recv, messages will be lost

1593012108757	Marionette	INFO	Stopped listening on port 64092

###!!! [Child][RunMessage] Error: Channel closing: too late to send/recv, messages will be lost


###!!! [Child][MessageChannel::SendAndWait] Error: Channel error: cannot send/recv

1593012168871	mozrunner::runner	INFO	Running command: "C:\\Program Files (x86)\\Mozilla Firefox\\firefox.exe" "-marionette" "-foreground" "-no-remote" "-profile" "C:\\Users\\Diar\\AppData\\Local\\Temp\\rust_mozprofilejmfh79"
JavaScript error: resource://gre/modules/XULStore.jsm, line 66: Error: Can't find profile directory.
1593012180886	Marionette	INFO	Listening on port 64242
1593012181265	Marionette	WARN	TLS certificate errors will be ignored for this session
JavaScript error: resource://gre/modules/URIFixup.jsm, line 203: NS_ERROR_FAILURE: Should pass a non-null uri
1593012192365	Marionette	WARN	TimedPromise timed out after 0 ms: stacktrace:
TimedPromise/<@chrome://marionette/content/sync.js:245:13
TimedPromise@chrome://marionette/content/sync.js:230:10
Sleep@chrome://marionette/content/sync.js:283:10
dispatchPause@chrome://marionette/content/action.js:1482:10
toEvents/<@chrome://marionette/content/action.js:1156:16
action.dispatchTickActions@chrome://marionette/content/action.js:1060:35
action.dispatch/chainEvents<@chrome://marionette/content/action.js:1028:20
action.dispatch@chrome://marionette/content/action.js:1034:5
performActions@chrome://marionette/content/listener.js:853:16
dispatch/</req<@chrome://marionette/content/listener.js:527:14
dispatch/<@chrome://marionette/content/listener.js:520:15
1593012192651	Marionette	WARN	TimedPromise timed out after 0 ms: stacktrace:
TimedPromise/<@chrome://marionette/content/sync.js:245:13
TimedPromise@chrome://marionette/content/sync.js:230:10
Sleep@chrome://marionette/content/sync.js:283:10
dispatchPause@chrome://marionette/content/action.js:1482:10
toEvents/<@chrome://marionette/content/action.js:1156:16
action.dispatchTickActions@chrome://marionette/content/action.js:1060:35
action.dispatch/chainEvents<@chrome://marionette/content/action.js:1028:20
1593012192807	Marionette	WARN	TimedPromise timed out after 0 ms: stacktrace:
TimedPromise/<@chrome://marionette/content/sync.js:245:13
TimedPromise@chrome://marionette/content/sync.js:230:10
Sleep@chrome://marionette/content/sync.js:283:10
dispatchPause@chrome://marionette/content/action.js:1482:10
toEvents/<@chrome://marionette/content/action.js:1156:16
action.dispatchTickActions@chrome://marionette/content/action.js:1060:35
action.dispatch/chainEvents<@chrome://marionette/content/action.js:1028:20
1593012228083	Marionette	WARN	TimedPromise timed out after 0 ms: stacktrace:
TimedPromise/<@chrome://marionette/content/sync.js:245:13
TimedPromise@chrome://marionette/content/sync.js:230:10
Sleep@chrome://marionette/content/sync.js:283:10
dispatchPause@chrome://marionette/content/action.js:1482:10
toEvents/<@chrome://marionette/content/action.js:1156:16
action.dispatchTickActions@chrome://marionette/content/action.js:1060:35
action.dispatch/chainEvents<@chrome://marionette/content/action.js:1028:20
action.dispatch@chrome://marionette/content/action.js:1034:5
performActions@chrome://marionette/content/listener.js:853:16
dispatch/</req<@chrome://marionette/content/listener.js:527:14
dispatch/<@chrome://marionette/content/listener.js:520:15
1593012228356	Marionette	WARN	TimedPromise timed out after 0 ms: stacktrace:
TimedPromise/<@chrome://marionette/content/sync.js:245:13
TimedPromise@chrome://marionette/content/sync.js:230:10
Sleep@chrome://marionette/content/sync.js:283:10
dispatchPause@chrome://marionette/content/action.js:1482:10
toEvents/<@chrome://marionette/content/action.js:1156:16
action.dispatchTickActions@chrome://marionette/content/action.js:1060:35
action.dispatch/chainEvents<@chrome://marionette/content/action.js:1028:20
1593012228362	Marionette	WARN	TimedPromise timed out after 0 ms: stacktrace:
TimedPromise/<@chrome://marionette/content/sync.js:245:13
TimedPromise@chrome://marionette/content/sync.js:230:10
Sleep@chrome://marionette/content/sync.js:283:10
dispatchPause@chrome://marionette/content/action.js:1482:10
toEvents/<@chrome://marionette/content/action.js:1156:16
action.dispatchTickActions@chrome://marionette/content/action.js:1060:35
action.dispatch/chainEvents<@chrome://marionette/content/action.js:1028:20
1593012228465	Marionette	WARN	TimedPromise timed out after 0 ms: stacktrace:
TimedPromise/<@chrome://marionette/content/sync.js:245:13
TimedPromise@chrome://marionette/content/sync.js:230:10
Sleep@chrome://marionette/content/sync.js:283:10
dispatchPause@chrome://marionette/content/action.js:1482:10
toEvents/<@chrome://marionette/content/action.js:1156:16
action.dispatchTickActions@chrome://marionette/content/action.js:1060:35
action.dispatch/chainEvents<@chrome://marionette/content/action.js:1028:20
1593012228513	Marionette	WARN	TimedPromise timed out after 0 ms: stacktrace:
TimedPromise/<@chrome://marionette/content/sync.js:245:13
TimedPromise@chrome://marionette/content/sync.js:230:10
Sleep@chrome://marionette/content/sync.js:283:10
dispatchPause@chrome://marionette/content/action.js:1482:10
toEvents/<@chrome://marionette/content/action.js:1156:16
action.dispatchTickActions@chrome://marionette/content/action.js:1060:35
action.dispatch/chainEvents<@chrome://marionette/content/action.js:1028:20
1593012228579	Marionette	WARN	TimedPromise timed out after 0 ms: stacktrace:
TimedPromise/<@chrome://marionette/content/sync.js:245:13
TimedPromise@chrome://marionette/content/sync.js:230:10
Sleep@chrome://marionette/content/sync.js:283:10
dispatchPause@chrome://marionette/content/action.js:1482:10
toEvents/<@chrome://marionette/content/action.js:1156:16
action.dispatchTickActions@chrome://marionette/content/action.js:1060:35
action.dispatch/chainEvents<@chrome://marionette/content/action.js:1028:20
1593012228586	Marionette	WARN	TimedPromise timed out after 0 ms: stacktrace:
TimedPromise/<@chrome://marionette/content/sync.js:245:13
TimedPromise@chrome://marionette/content/sync.js:230:10
Sleep@chrome://marionette/content/sync.js:283:10
dispatchPause@chrome://marionette/content/action.js:1482:10
toEvents/<@chrome://marionette/content/action.js:1156:16
action.dispatchTickActions@chrome://marionette/content/action.js:1060:35
action.dispatch/chainEvents<@chrome://marionette/content/action.js:1028:20
1593012228612	Marionette	WARN	TimedPromise timed out after 0 ms: stacktrace:
TimedPromise/<@chrome://marionette/content/sync.js:245:13
TimedPromise@chrome://marionette/content/sync.js:230:10
Sleep@chrome://marionette/content/sync.js:283:10
dispatchPause@chrome://marionette/content/action.js:1482:10
toEvents/<@chrome://marionette/content/action.js:1156:16
action.dispatchTickActions@chrome://marionette/content/action.js:1060:35
action.dispatch/chainEvents<@chrome://marionette/content/action.js:1028:20
1593012228617	Marionette	WARN	TimedPromise timed out after 0 ms: stacktrace:
TimedPromise/<@chrome://marionette/content/sync.js:245:13
TimedPromise@chrome://marionette/content/sync.js:230:10
Sleep@chrome://marionette/content/sync.js:283:10
dispatchPause@chrome://marionette/content/action.js:1482:10
toEvents/<@chrome://marionette/content/action.js:1156:16
action.dispatchTickActions@chrome://marionette/content/action.js:1060:35
action.dispatch/chainEvents<@chrome://marionette/content/action.js:1028:20
1593012228667	Marionette	WARN	TimedPromise timed out after 0 ms: stacktrace:
TimedPromise/<@chrome://marionette/content/sync.js:245:13
TimedPromise@chrome://marionette/content/sync.js:230:10
Sleep@chrome://marionette/content/sync.js:283:10
dispatchPause@chrome://marionette/content/action.js:1482:10
toEvents/<@chrome://marionette/content/action.js:1156:16
action.dispatchTickActions@chrome://marionette/content/action.js:1060:35
action.dispatch/chainEvents<@chrome://marionette/content/action.js:1028:20
1593012228670	Marionette	WARN	TimedPromise timed out after 0 ms: stacktrace:
TimedPromise/<@chrome://marionette/content/sync.js:245:13
TimedPromise@chrome://marionette/content/sync.js:230:10
Sleep@chrome://marionette/content/sync.js:283:10
dispatchPause@chrome://marionette/content/action.js:1482:10
toEvents/<@chrome://marionette/content/action.js:1156:16
action.dispatchTickActions@chrome://marionette/content/action.js:1060:35
action.dispatch/chainEvents<@chrome://marionette/content/action.js:1028:20
1593012228706	Marionette	WARN	TimedPromise timed out after 0 ms: stacktrace:
TimedPromise/<@chrome://marionette/content/sync.js:245:13
TimedPromise@chrome://marionette/content/sync.js:230:10
Sleep@chrome://marionette/content/sync.js:283:10
dispatchPause@chrome://marionette/content/action.js:1482:10
toEvents/<@chrome://marionette/content/action.js:1156:16
action.dispatchTickActions@chrome://marionette/content/action.js:1060:35
action.dispatch/chainEvents<@chrome://marionette/content/action.js:1028:20
1593012228710	Marionette	WARN	TimedPromise timed out after 0 ms: stacktrace:
TimedPromise/<@chrome://marionette/content/sync.js:245:13
TimedPromise@chrome://marionette/content/sync.js:230:10
Sleep@chrome://marionette/content/sync.js:283:10
dispatchPause@chrome://marionette/content/action.js:1482:10
toEvents/<@chrome://marionette/content/action.js:1156:16
action.dispatchTickActions@chrome://marionette/content/action.js:1060:35
action.dispatch/chainEvents<@chrome://marionette/content/action.js:1028:20
1593012228749	Marionette	WARN	TimedPromise timed out after 0 ms: stacktrace:
TimedPromise/<@chrome://marionette/content/sync.js:245:13
TimedPromise@chrome://marionette/content/sync.js:230:10
Sleep@chrome://marionette/content/sync.js:283:10
dispatchPause@chrome://marionette/content/action.js:1482:10
toEvents/<@chrome://marionette/content/action.js:1156:16
action.dispatchTickActions@chrome://marionette/content/action.js:1060:35
action.dispatch/chainEvents<@chrome://marionette/content/action.js:1028:20
1593012228754	Marionette	WARN	TimedPromise timed out after 0 ms: stacktrace:
TimedPromise/<@chrome://marionette/content/sync.js:245:13
TimedPromise@chrome://marionette/content/sync.js:230:10
Sleep@chrome://marionette/content/sync.js:283:10
dispatchPause@chrome://marionette/content/action.js:1482:10
toEvents/<@chrome://marionette/content/action.js:1156:16
action.dispatchTickActions@chrome://marionette/content/action.js:1060:35
action.dispatch/chainEvents<@chrome://marionette/content/action.js:1028:20
1593012228783	Marionette	WARN	TimedPromise timed out after 0 ms: stacktrace:
TimedPromise/<@chrome://marionette/content/sync.js:245:13
TimedPromise@chrome://marionette/content/sync.js:230:10
Sleep@chrome://marionette/content/sync.js:283:10
dispatchPause@chrome://marionette/content/action.js:1482:10
toEvents/<@chrome://marionette/content/action.js:1156:16
action.dispatchTickActions@chrome://marionette/content/action.js:1060:35
action.dispatch/chainEvents<@chrome://marionette/content/action.js:1028:20
1593012228787	Marionette	WARN	TimedPromise timed out after 0 ms: stacktrace:
TimedPromise/<@chrome://marionette/content/sync.js:245:13
TimedPromise@chrome://marionette/content/sync.js:230:10
Sleep@chrome://marionette/content/sync.js:283:10
dispatchPause@chrome://marionette/content/action.js:1482:10
toEvents/<@chrome://marionette/content/action.js:1156:16
action.dispatchTickActions@chrome://marionette/content/action.js:1060:35
action.dispatch/chainEvents<@chrome://marionette/content/action.js:1028:20
1593012228814	Marionette	WARN	TimedPromise timed out after 0 ms: stacktrace:
TimedPromise/<@chrome://marionette/content/sync.js:245:13
TimedPromise@chrome://marionette/content/sync.js:230:10
Sleep@chrome://marionette/content/sync.js:283:10
dispatchPause@chrome://marionette/content/action.js:1482:10
toEvents/<@chrome://marionette/content/action.js:1156:16
action.dispatchTickActions@chrome://marionette/content/action.js:1060:35
action.dispatch/chainEvents<@chrome://marionette/content/action.js:1028:20
1593012228817	Marionette	WARN	TimedPromise timed out after 0 ms: stacktrace:
TimedPromise/<@chrome://marionette/content/sync.js:245:13
TimedPromise@chrome://marionette/content/sync.js:230:10
Sleep@chrome://marionette/content/sync.js:283:10
dispatchPause@chrome://marionette/content/action.js:1482:10
toEvents/<@chrome://marionette/content/action.js:1156:16
action.dispatchTickActions@chrome://marionette/content/action.js:1060:35
action.dispatch/chainEvents<@chrome://marionette/content/action.js:1028:20
1593012228844	Marionette	WARN	TimedPromise timed out after 0 ms: stacktrace:
TimedPromise/<@chrome://marionette/content/sync.js:245:13
TimedPromise@chrome://marionette/content/sync.js:230:10
Sleep@chrome://marionette/content/sync.js:283:10
dispatchPause@chrome://marionette/content/action.js:1482:10
toEvents/<@chrome://marionette/content/action.js:1156:16
action.dispatchTickActions@chrome://marionette/content/action.js:1060:35
action.dispatch/chainEvents<@chrome://marionette/content/action.js:1028:20
1593012228846	Marionette	WARN	TimedPromise timed out after 0 ms: stacktrace:
TimedPromise/<@chrome://marionette/content/sync.js:245:13
TimedPromise@chrome://marionette/content/sync.js:230:10
Sleep@chrome://marionette/content/sync.js:283:10
dispatchPause@chrome://marionette/content/action.js:1482:10
toEvents/<@chrome://marionette/content/action.js:1156:16
action.dispatchTickActions@chrome://marionette/content/action.js:1060:35
action.dispatch/chainEvents<@chrome://marionette/content/action.js:1028:20
1593012228874	Marionette	WARN	TimedPromise timed out after 0 ms: stacktrace:
TimedPromise/<@chrome://marionette/content/sync.js:245:13
TimedPromise@chrome://marionette/content/sync.js:230:10
Sleep@chrome://marionette/content/sync.js:283:10
dispatchPause@chrome://marionette/content/action.js:1482:10
toEvents/<@chrome://marionette/content/action.js:1156:16
action.dispatchTickActions@chrome://marionette/content/action.js:1060:35
action.dispatch/chainEvents<@chrome://marionette/content/action.js:1028:20
1593012228876	Marionette	WARN	TimedPromise timed out after 0 ms: stacktrace:
TimedPromise/<@chrome://marionette/content/sync.js:245:13
TimedPromise@chrome://marionette/content/sync.js:230:10
Sleep@chrome://marionette/content/sync.js:283:10
dispatchPause@chrome://marionette/content/action.js:1482:10
toEvents/<@chrome://marionette/content/action.js:1156:16
action.dispatchTickActions@chrome://marionette/content/action.js:1060:35
action.dispatch/chainEvents<@chrome://marionette/content/action.js:1028:20
1593012228908	Marionette	WARN	TimedPromise timed out after 0 ms: stacktrace:
TimedPromise/<@chrome://marionette/content/sync.js:245:13
TimedPromise@chrome://marionette/content/sync.js:230:10
Sleep@chrome://marionette/content/sync.js:283:10
dispatchPause@chrome://marionette/content/action.js:1482:10
toEvents/<@chrome://marionette/content/action.js:1156:16
action.dispatchTickActions@chrome://marionette/content/action.js:1060:35
action.dispatch/chainEvents<@chrome://marionette/content/action.js:1028:20
1593012228910	Marionette	WARN	TimedPromise timed out after 0 ms: stacktrace:
TimedPromise/<@chrome://marionette/content/sync.js:245:13
TimedPromise@chrome://marionette/content/sync.js:230:10
Sleep@chrome://marionette/content/sync.js:283:10
dispatchPause@chrome://marionette/content/action.js:1482:10
toEvents/<@chrome://marionette/content/action.js:1156:16
action.dispatchTickActions@chrome://marionette/content/action.js:1060:35
action.dispatch/chainEvents<@chrome://marionette/content/action.js:1028:20
1593012228938	Marionette	WARN	TimedPromise timed out after 0 ms: stacktrace:
TimedPromise/<@chrome://marionette/content/sync.js:245:13
TimedPromise@chrome://marionette/content/sync.js:230:10
Sleep@chrome://marionette/content/sync.js:283:10
dispatchPause@chrome://marionette/content/action.js:1482:10
toEvents/<@chrome://marionette/content/action.js:1156:16
action.dispatchTickActions@chrome://marionette/content/action.js:1060:35
action.dispatch/chainEvents<@chrome://marionette/content/action.js:1028:20
1593012228940	Marionette	WARN	TimedPromise timed out after 0 ms: stacktrace:
TimedPromise/<@chrome://marionette/content/sync.js:245:13
TimedPromise@chrome://marionette/content/sync.js:230:10
Sleep@chrome://marionette/content/sync.js:283:10
dispatchPause@chrome://marionette/content/action.js:1482:10
toEvents/<@chrome://marionette/content/action.js:1156:16
action.dispatchTickActions@chrome://marionette/content/action.js:1060:35
action.dispatch/chainEvents<@chrome://marionette/content/action.js:1028:20
1593012230169	Marionette	WARN	TimedPromise timed out after 0 ms: stacktrace:
TimedPromise/<@chrome://marionette/content/sync.js:245:13
TimedPromise@chrome://marionette/content/sync.js:230:10
Sleep@chrome://marionette/content/sync.js:283:10
dispatchPause@chrome://marionette/content/action.js:1482:10
toEvents/<@chrome://marionette/content/action.js:1156:16
action.dispatchTickActions@chrome://marionette/content/action.js:1060:35
action.dispatch/chainEvents<@chrome://marionette/content/action.js:1028:20
action.dispatch@chrome://marionette/content/action.js:1034:5
performActions@chrome://marionette/content/listener.js:853:16
dispatch/</req<@chrome://marionette/content/listener.js:527:14
dispatch/<@chrome://marionette/content/listener.js:520:15
1593012230471	Marionette	WARN	TimedPromise timed out after 0 ms: stacktrace:
TimedPromise/<@chrome://marionette/content/sync.js:245:13
TimedPromise@chrome://marionette/content/sync.js:230:10
Sleep@chrome://marionette/content/sync.js:283:10
dispatchPause@chrome://marionette/content/action.js:1482:10
toEvents/<@chrome://marionette/content/action.js:1156:16
action.dispatchTickActions@chrome://marionette/content/action.js:1060:35
action.dispatch/chainEvents<@chrome://marionette/content/action.js:1028:20
1593012230479	Marionette	WARN	TimedPromise timed out after 0 ms: stacktrace:
TimedPromise/<@chrome://marionette/content/sync.js:245:13
TimedPromise@chrome://marionette/content/sync.js:230:10
Sleep@chrome://marionette/content/sync.js:283:10
dispatchPause@chrome://marionette/content/action.js:1482:10
toEvents/<@chrome://marionette/content/action.js:1156:16
action.dispatchTickActions@chrome://marionette/content/action.js:1060:35
action.dispatch/chainEvents<@chrome://marionette/content/action.js:1028:20
1593012230543	Marionette	WARN	TimedPromise timed out after 0 ms: stacktrace:
TimedPromise/<@chrome://marionette/content/sync.js:245:13
TimedPromise@chrome://marionette/content/sync.js:230:10
Sleep@chrome://marionette/content/sync.js:283:10
dispatchPause@chrome://marionette/content/action.js:1482:10
toEvents/<@chrome://marionette/content/action.js:1156:16
action.dispatchTickActions@chrome://marionette/content/action.js:1060:35
action.dispatch/chainEvents<@chrome://marionette/content/action.js:1028:20
1593012230556	Marionette	WARN	TimedPromise timed out after 0 ms: stacktrace:
TimedPromise/<@chrome://marionette/content/sync.js:245:13
TimedPromise@chrome://marionette/content/sync.js:230:10
Sleep@chrome://marionette/content/sync.js:283:10
dispatchPause@chrome://marionette/content/action.js:1482:10
toEvents/<@chrome://marionette/content/action.js:1156:16
action.dispatchTickActions@chrome://marionette/content/action.js:1060:35
action.dispatch/chainEvents<@chrome://marionette/content/action.js:1028:20
1593012230595	Marionette	WARN	TimedPromise timed out after 0 ms: stacktrace:
TimedPromise/<@chrome://marionette/content/sync.js:245:13
TimedPromise@chrome://marionette/content/sync.js:230:10
Sleep@chrome://marionette/content/sync.js:283:10
dispatchPause@chrome://marionette/content/action.js:1482:10
toEvents/<@chrome://marionette/content/action.js:1156:16
action.dispatchTickActions@chrome://marionette/content/action.js:1060:35
action.dispatch/chainEvents<@chrome://marionette/content/action.js:1028:20
1593012230599	Marionette	WARN	TimedPromise timed out after 0 ms: stacktrace:
TimedPromise/<@chrome://marionette/content/sync.js:245:13
TimedPromise@chrome://marionette/content/sync.js:230:10
Sleep@chrome://marionette/content/sync.js:283:10
dispatchPause@chrome://marionette/content/action.js:1482:10
toEvents/<@chrome://marionette/content/action.js:1156:16
action.dispatchTickActions@chrome://marionette/content/action.js:1060:35
action.dispatch/chainEvents<@chrome://marionette/content/action.js:1028:20
1593012230645	Marionette	WARN	TimedPromise timed out after 0 ms: stacktrace:
TimedPromise/<@chrome://marionette/content/sync.js:245:13
TimedPromise@chrome://marionette/content/sync.js:230:10
Sleep@chrome://marionette/content/sync.js:283:10
dispatchPause@chrome://marionette/content/action.js:1482:10
toEvents/<@chrome://marionette/content/action.js:1156:16
action.dispatchTickActions@chrome://marionette/content/action.js:1060:35
action.dispatch/chainEvents<@chrome://marionette/content/action.js:1028:20
1593012230652	Marionette	WARN	TimedPromise timed out after 0 ms: stacktrace:
TimedPromise/<@chrome://marionette/content/sync.js:245:13
TimedPromise@chrome://marionette/content/sync.js:230:10
Sleep@chrome://marionette/content/sync.js:283:10
dispatchPause@chrome://marionette/content/action.js:1482:10
toEvents/<@chrome://marionette/content/action.js:1156:16
action.dispatchTickActions@chrome://marionette/content/action.js:1060:35
action.dispatch/chainEvents<@chrome://marionette/content/action.js:1028:20
1593012230677	Marionette	WARN	TimedPromise timed out after 0 ms: stacktrace:
TimedPromise/<@chrome://marionette/content/sync.js:245:13
TimedPromise@chrome://marionette/content/sync.js:230:10
Sleep@chrome://marionette/content/sync.js:283:10
dispatchPause@chrome://marionette/content/action.js:1482:10
toEvents/<@chrome://marionette/content/action.js:1156:16
action.dispatchTickActions@chrome://marionette/content/action.js:1060:35
action.dispatch/chainEvents<@chrome://marionette/content/action.js:1028:20
1593012230679	Marionette	WARN	TimedPromise timed out after 0 ms: stacktrace:
TimedPromise/<@chrome://marionette/content/sync.js:245:13
TimedPromise@chrome://marionette/content/sync.js:230:10
Sleep@chrome://marionette/content/sync.js:283:10
dispatchPause@chrome://marionette/content/action.js:1482:10
toEvents/<@chrome://marionette/content/action.js:1156:16
action.dispatchTickActions@chrome://marionette/content/action.js:1060:35
action.dispatch/chainEvents<@chrome://marionette/content/action.js:1028:20
1593012230743	Marionette	WARN	TimedPromise timed out after 0 ms: stacktrace:
TimedPromise/<@chrome://marionette/content/sync.js:245:13
TimedPromise@chrome://marionette/content/sync.js:230:10
Sleep@chrome://marionette/content/sync.js:283:10
dispatchPause@chrome://marionette/content/action.js:1482:10
toEvents/<@chrome://marionette/content/action.js:1156:16
action.dispatchTickActions@chrome://marionette/content/action.js:1060:35
action.dispatch/chainEvents<@chrome://marionette/content/action.js:1028:20
1593012230749	Marionette	WARN	TimedPromise timed out after 0 ms: stacktrace:
TimedPromise/<@chrome://marionette/content/sync.js:245:13
TimedPromise@chrome://marionette/content/sync.js:230:10
Sleep@chrome://marionette/content/sync.js:283:10
dispatchPause@chrome://marionette/content/action.js:1482:10
toEvents/<@chrome://marionette/content/action.js:1156:16
action.dispatchTickActions@chrome://marionette/content/action.js:1060:35
action.dispatch/chainEvents<@chrome://marionette/content/action.js:1028:20
1593012230792	Marionette	WARN	TimedPromise timed out after 0 ms: stacktrace:
TimedPromise/<@chrome://marionette/content/sync.js:245:13
TimedPromise@chrome://marionette/content/sync.js:230:10
Sleep@chrome://marionette/content/sync.js:283:10
dispatchPause@chrome://marionette/content/action.js:1482:10
toEvents/<@chrome://marionette/content/action.js:1156:16
action.dispatchTickActions@chrome://marionette/content/action.js:1060:35
action.dispatch/chainEvents<@chrome://marionette/content/action.js:1028:20
1593012230796	Marionette	WARN	TimedPromise timed out after 0 ms: stacktrace:
TimedPromise/<@chrome://marionette/content/sync.js:245:13
TimedPromise@chrome://marionette/content/sync.js:230:10
Sleep@chrome://marionette/content/sync.js:283:10
dispatchPause@chrome://marionette/content/action.js:1482:10
toEvents/<@chrome://marionette/content/action.js:1156:16
action.dispatchTickActions@chrome://marionette/content/action.js:1060:35
action.dispatch/chainEvents<@chrome://marionette/content/action.js:1028:20
1593012230827	Marionette	WARN	TimedPromise timed out after 0 ms: stacktrace:
TimedPromise/<@chrome://marionette/content/sync.js:245:13
TimedPromise@chrome://marionette/content/sync.js:230:10
Sleep@chrome://marionette/content/sync.js:283:10
dispatchPause@chrome://marionette/content/action.js:1482:10
toEvents/<@chrome://marionette/content/action.js:1156:16
action.dispatchTickActions@chrome://marionette/content/action.js:1060:35
action.dispatch/chainEvents<@chrome://marionette/content/action.js:1028:20
1593012230831	Marionette	WARN	TimedPromise timed out after 0 ms: stacktrace:
TimedPromise/<@chrome://marionette/content/sync.js:245:13
TimedPromise@chrome://marionette/content/sync.js:230:10
Sleep@chrome://marionette/content/sync.js:283:10
dispatchPause@chrome://marionette/content/action.js:1482:10
toEvents/<@chrome://marionette/content/action.js:1156:16
action.dispatchTickActions@chrome://marionette/content/action.js:1060:35
action.dispatch/chainEvents<@chrome://marionette/content/action.js:1028:20
1593012230854	Marionette	WARN	TimedPromise timed out after 0 ms: stacktrace:
TimedPromise/<@chrome://marionette/content/sync.js:245:13
TimedPromise@chrome://marionette/content/sync.js:230:10
Sleep@chrome://marionette/content/sync.js:283:10
dispatchPause@chrome://marionette/content/action.js:1482:10
toEvents/<@chrome://marionette/content/action.js:1156:16
action.dispatchTickActions@chrome://marionette/content/action.js:1060:35
action.dispatch/chainEvents<@chrome://marionette/content/action.js:1028:20
1593012230860	Marionette	WARN	TimedPromise timed out after 0 ms: stacktrace:
TimedPromise/<@chrome://marionette/content/sync.js:245:13
TimedPromise@chrome://marionette/content/sync.js:230:10
Sleep@chrome://marionette/content/sync.js:283:10
dispatchPause@chrome://marionette/content/action.js:1482:10
toEvents/<@chrome://marionette/content/action.js:1156:16
action.dispatchTickActions@chrome://marionette/content/action.js:1060:35
action.dispatch/chainEvents<@chrome://marionette/content/action.js:1028:20
1593012230874	Marionette	WARN	TimedPromise timed out after 0 ms: stacktrace:
TimedPromise/<@chrome://marionette/content/sync.js:245:13
TimedPromise@chrome://marionette/content/sync.js:230:10
Sleep@chrome://marionette/content/sync.js:283:10
dispatchPause@chrome://marionette/content/action.js:1482:10
toEvents/<@chrome://marionette/content/action.js:1156:16
action.dispatchTickActions@chrome://marionette/content/action.js:1060:35
action.dispatch/chainEvents<@chrome://marionette/content/action.js:1028:20
1593012230888	Marionette	WARN	TimedPromise timed out after 0 ms: stacktrace:
TimedPromise/<@chrome://marionette/content/sync.js:245:13
TimedPromise@chrome://marionette/content/sync.js:230:10
Sleep@chrome://marionette/content/sync.js:283:10
dispatchPause@chrome://marionette/content/action.js:1482:10
toEvents/<@chrome://marionette/content/action.js:1156:16
action.dispatchTickActions@chrome://marionette/content/action.js:1060:35
action.dispatch/chainEvents<@chrome://marionette/content/action.js:1028:20
1593012230922	Marionette	WARN	TimedPromise timed out after 0 ms: stacktrace:
TimedPromise/<@chrome://marionette/content/sync.js:245:13
TimedPromise@chrome://marionette/content/sync.js:230:10
Sleep@chrome://marionette/content/sync.js:283:10
dispatchPause@chrome://marionette/content/action.js:1482:10
toEvents/<@chrome://marionette/content/action.js:1156:16
action.dispatchTickActions@chrome://marionette/content/action.js:1060:35
action.dispatch/chainEvents<@chrome://marionette/content/action.js:1028:20
1593012230926	Marionette	WARN	TimedPromise timed out after 0 ms: stacktrace:
TimedPromise/<@chrome://marionette/content/sync.js:245:13
TimedPromise@chrome://marionette/content/sync.js:230:10
Sleep@chrome://marionette/content/sync.js:283:10
dispatchPause@chrome://marionette/content/action.js:1482:10
toEvents/<@chrome://marionette/content/action.js:1156:16
action.dispatchTickActions@chrome://marionette/content/action.js:1060:35
action.dispatch/chainEvents<@chrome://marionette/content/action.js:1028:20
1593012230938	Marionette	WARN	TimedPromise timed out after 0 ms: stacktrace:
TimedPromise/<@chrome://marionette/content/sync.js:245:13
TimedPromise@chrome://marionette/content/sync.js:230:10
Sleep@chrome://marionette/content/sync.js:283:10
dispatchPause@chrome://marionette/content/action.js:1482:10
toEvents/<@chrome://marionette/content/action.js:1156:16
action.dispatchTickActions@chrome://marionette/content/action.js:1060:35
action.dispatch/chainEvents<@chrome://marionette/content/action.js:1028:20
1593012230941	Marionette	WARN	TimedPromise timed out after 0 ms: stacktrace:
TimedPromise/<@chrome://marionette/content/sync.js:245:13
TimedPromise@chrome://marionette/content/sync.js:230:10
Sleep@chrome://marionette/content/sync.js:283:10
dispatchPause@chrome://marionette/content/action.js:1482:10
toEvents/<@chrome://marionette/content/action.js:1156:16
action.dispatchTickActions@chrome://marionette/content/action.js:1060:35
action.dispatch/chainEvents<@chrome://marionette/content/action.js:1028:20
1593012230962	Marionette	WARN	TimedPromise timed out after 0 ms: stacktrace:
TimedPromise/<@chrome://marionette/content/sync.js:245:13
TimedPromise@chrome://marionette/content/sync.js:230:10
Sleep@chrome://marionette/content/sync.js:283:10
dispatchPause@chrome://marionette/content/action.js:1482:10
toEvents/<@chrome://marionette/content/action.js:1156:16
action.dispatchTickActions@chrome://marionette/content/action.js:1060:35
action.dispatch/chainEvents<@chrome://marionette/content/action.js:1028:20
1593012230970	Marionette	WARN	TimedPromise timed out after 0 ms: stacktrace:
TimedPromise/<@chrome://marionette/content/sync.js:245:13
TimedPromise@chrome://marionette/content/sync.js:230:10
Sleep@chrome://marionette/content/sync.js:283:10
dispatchPause@chrome://marionette/content/action.js:1482:10
toEvents/<@chrome://marionette/content/action.js:1156:16
action.dispatchTickActions@chrome://marionette/content/action.js:1060:35
action.dispatch/chainEvents<@chrome://marionette/content/action.js:1028:20
1593012232451	Marionette	WARN	TimedPromise timed out after 0 ms: stacktrace:
TimedPromise/<@chrome://marionette/content/sync.js:245:13
TimedPromise@chrome://marionette/content/sync.js:230:10
Sleep@chrome://marionette/content/sync.js:283:10
dispatchPause@chrome://marionette/content/action.js:1482:10
toEvents/<@chrome://marionette/content/action.js:1156:16
action.dispatchTickActions@chrome://marionette/content/action.js:1060:35
action.dispatch/chainEvents<@chrome://marionette/content/action.js:1028:20
action.dispatch@chrome://marionette/content/action.js:1034:5
performActions@chrome://marionette/content/listener.js:853:16
dispatch/</req<@chrome://marionette/content/listener.js:527:14
dispatch/<@chrome://marionette/content/listener.js:520:15
1593012232722	Marionette	WARN	TimedPromise timed out after 0 ms: stacktrace:
TimedPromise/<@chrome://marionette/content/sync.js:245:13
TimedPromise@chrome://marionette/content/sync.js:230:10
Sleep@chrome://marionette/content/sync.js:283:10
dispatchPause@chrome://marionette/content/action.js:1482:10
toEvents/<@chrome://marionette/content/action.js:1156:16
action.dispatchTickActions@chrome://marionette/content/action.js:1060:35
action.dispatch/chainEvents<@chrome://marionette/content/action.js:1028:20
1593012232727	Marionette	WARN	TimedPromise timed out after 0 ms: stacktrace:
TimedPromise/<@chrome://marionette/content/sync.js:245:13
TimedPromise@chrome://marionette/content/sync.js:230:10
Sleep@chrome://marionette/content/sync.js:283:10
dispatchPause@chrome://marionette/content/action.js:1482:10
toEvents/<@chrome://marionette/content/action.js:1156:16
action.dispatchTickActions@chrome://marionette/content/action.js:1060:35
action.dispatch/chainEvents<@chrome://marionette/content/action.js:1028:20
1593012232815	Marionette	WARN	TimedPromise timed out after 0 ms: stacktrace:
TimedPromise/<@chrome://marionette/content/sync.js:245:13
TimedPromise@chrome://marionette/content/sync.js:230:10
Sleep@chrome://marionette/content/sync.js:283:10
dispatchPause@chrome://marionette/content/action.js:1482:10
toEvents/<@chrome://marionette/content/action.js:1156:16
action.dispatchTickActions@chrome://marionette/content/action.js:1060:35
action.dispatch/chainEvents<@chrome://marionette/content/action.js:1028:20
1593012232828	Marionette	WARN	TimedPromise timed out after 0 ms: stacktrace:
TimedPromise/<@chrome://marionette/content/sync.js:245:13
TimedPromise@chrome://marionette/content/sync.js:230:10
Sleep@chrome://marionette/content/sync.js:283:10
dispatchPause@chrome://marionette/content/action.js:1482:10
toEvents/<@chrome://marionette/content/action.js:1156:16
action.dispatchTickActions@chrome://marionette/content/action.js:1060:35
action.dispatch/chainEvents<@chrome://marionette/content/action.js:1028:20
JavaScript error: resource://gre/actors/PictureInPictureChild.jsm, line 114: InvalidStateError: An attempt was made to use an object that is not, or is no longer, usable
IPDL protocol error: Handler returned error code!

###!!! [Parent][DispatchAsyncMessage] Error: PLayerTransaction::Msg_ReleaseLayer Processing error: message was deserialized, but the handler returned false (indicating failure)

IPDL protocol error: Handler returned error code!

###!!! [Parent][DispatchAsyncMessage] Error: PLayerTransaction::Msg_ReleaseLayer Processing error: message was deserialized, but the handler returned false (indicating failure)

1593013218970	Marionette	INFO	Stopped listening on port 64242

###!!! [Child][RunMessage] Error: Channel closing: too late to send/recv, messages will be lost

1593013754595	mozrunner::runner	INFO	Running command: "C:\\Program Files (x86)\\Mozilla Firefox\\firefox.exe" "-marionette" "-foreground" "-no-remote" "-profile" "C:\\Users\\Diar\\AppData\\Local\\Temp\\rust_mozprofilemuI32F"
JavaScript error: resource://gre/modules/XULStore.jsm, line 66: Error: Can't find profile directory.
1593013766812	Marionette	INFO	Listening on port 65282
1593013767026	Marionette	WARN	TLS certificate errors will be ignored for this session
JavaScript error: resource://gre/modules/URIFixup.jsm, line 203: NS_ERROR_FAILURE: Should pass a non-null uri
1593013869072	Marionette	INFO	Stopped listening on port 65282

###!!! [Child][MessageChannel::SendAndWait] Error: Channel error: cannot send/recv

1593014133391	mozrunner::runner	INFO	Running command: "C:\\Program Files (x86)\\Mozilla Firefox\\firefox.exe" "-marionette" "-foreground" "-no-remote" "-profile" "C:\\Users\\Diar\\AppData\\Local\\Temp\\rust_mozprofileaLn4X6"
JavaScript error: resource://gre/modules/XULStore.jsm, line 66: Error: Can't find profile directory.
1593014145844	Marionette	INFO	Listening on port 49164
1593014146438	Marionette	WARN	TLS certificate errors will be ignored for this session
JavaScript error: resource://gre/modules/URIFixup.jsm, line 203: NS_ERROR_FAILURE: Should pass a non-null uri
1593014450983	Marionette	INFO	Stopped listening on port 49164

###!!! [Child][RunMessage] Error: Channel closing: too late to send/recv, messages will be lost


###!!! [Child][MessageChannel::SendAndWait] Error: (msgtypeJavaScript error: resource://gre/modules/XULStore.jsm, line 66: Error: Can't find profile directory.
1593014464559	Marionette	INFO	Listening on port 49397
1593014464698	Marionette	WARN	TLS certificate errors will be ignored for this session
JavaScript error: resource://gre/modules/URIFixup.jsm, line 203: NS_ERROR_FAILURE: Should pass a non-null uri
IPDL protocol error: Handler returned error code!

###!!! [Parent][DispatchAsyncMessage] Error: PLayerTransaction::Msg_ReleaseLayer Processing error: message was deserialized, but the handler returned false (indicating failure)

IPDL protocol error: Handler returned error code!

###!!! [Parent][DispatchAsyncMessage] Error: PLayerTransaction::Msg_ReleaseLayer Processing error: message was deserialized, but the handler returned false (indicating failure)

IPDL protocol error: Handler returned error code!

###!!! [Parent][DispatchAsyncMessage] Error: PLayerTransaction::Msg_ReleaseLayer Processing error: message was deserialized, but the handler returned false (indicating failure)

1593014660816	Marionette	INFO	Stopped listening on port 49397

###!!! [Child][MessageChannel::SendAndWait] Error: Channel error: cannot send/recv

1593014688981	mozrunner::runner	INFO	Running command: "C:\\Program Files (x86)\\Mozilla Firefox\\firefox.exe" "-marionette" "-foreground" "-no-remote" "-profile" "C:\\Users\\Diar\\AppData\\Local\\Temp\\rust_mozprofileEm3M0c"
JavaScript error: resource://gre/modules/XULStore.jsm, line 66: Error: Can't find profile directory.
1593014701651	Marionette	INFO	Listening on port 49588
1593014701866	Marionette	WARN	TLS certificate errors will be ignored for this session
JavaScript error: resource://gre/modules/URIFixup.jsm, line 203: NS_ERROR_FAILURE: Should pass a non-null uri
JavaScript error: resource://gre/actors/PictureInPictureChild.jsm, line 114: InvalidStateError: An attempt was made to use an object that is not, or is no longer, usable
JavaScript error: resource://gre/actors/PictureInPictureChild.jsm, line 114: InvalidStateError: An attempt was made to use an object that is not, or is no longer, usable
1593014832951	Marionette	INFO	Stopped listening on port 49588

###!!! [Child][RunMessage] Error: Channel closing: too late to send/recv, messages will be lost


###!!! [Child][MessageChannel::SendAndWait] Error: Channel error: cannot send/recv

1593015406737	mozrunner::runner	INFO	Running command: "C:\\Program Files (x86)\\Mozilla Firefox\\firefox.exe" "-marionette" "-foreground" "-no-remote" "-profile" "C:\\Users\\Diar\\AppData\\Local\\Temp\\rust_mozprofilek6w7jJ"
JavaScript error: resource://gre/modules/XULStore.jsm, line 66: Error: Can't find profile directory.
1593015419219	Marionette	INFO	Listening on port 50022
1593015419544	Marionette	WARN	TLS certificate errors will be ignored for this session
JavaScript error: resource://gre/modules/URIFixup.jsm, line 203: NS_ERROR_FAILURE: Should pass a non-null uri
JavaScript error: chrome://marionette/content/proxy.js, line 287: NS_ERROR_NOT_INITIALIZED
1593015983581	Marionette	INFO	Stopped listening on port 50022

###!!! [Child][RunMessage] Error: Channel closing: too late to send/recv, messages will be lost


###!!! [Child][MessageChannel::SendAndWait] Error: Channel error: cannot send/recv

1593016314468	mozrunner::runner	INFO	Running command: "C:\\Program Files (x86)\\Mozilla Firefox\\firefox.exe" "-marionette" "-foreground" "-no-remote" "-profile" "C:\\Users\\Diar\\AppData\\Local\\Temp\\rust_mozprofiled7Vh14"
JavaScript error: resource://gre/modules/XULStore.jsm, line 66: Error: Can't find profile directory.
1593016328504	Marionette	INFO	Listening on port 50570
1593016328967	Marionette	WARN	TLS certificate errors will be ignored for this session
JavaScript error: resource://gre/modules/URIFixup.jsm, line 203: NS_ERROR_FAILURE: Should pass a non-null uri
JavaScript error: chrome://marionette/content/proxy.js, line 287: NS_ERROR_NOT_INITIALIZED
1593016452670	Marionette	INFO	Stopped listening on port 50570

###!!! [Child][MessageChannel::SendAndWait] Error: (msgtype=0x5E0005,name=PImageBridge::Msg_WillClose) Channel error: cannot send/recv

1593016678146	mozrunner::runner	INFO	Running command: "C:\\Program Files (x86)\\Mozilla Firefox\\firefox.exe" "-marionette" "-foreground" "-no-remote" "-profile" "C:\\Users\\Diar\\AppData\\Local\\Temp\\rust_mozprofileJzEHH0"
JavaScript error: resource://gre/modules/XULStore.jsm, line 66: Error: Can't find profile directory.
1593016695011	Marionette	INFO	Listening on port 50831
1593016695642	Marionette	WARN	TLS certificate errors will be ignored for this session
JavaScript error: resource://gre/modules/URIFixup.jsm, line 203: NS_ERROR_FAILURE: Should pass a non-null uri
JavaScript error: resource://gre/actors/PictureInPictureChild.jsm, line 114: InvalidStateError: An attempt was made to use an object that is not, or is no longer, usable
JavaScript error: chrome://marionette/content/proxy.js, line 287: NS_ERROR_NOT_INITIALIZED
[Child 4972, Chrome_ChildThread] WARNING: pipe error: 232: file /builds/worker/checkouts/gecko/ipc/chromium/src/chrome/common/ipc_channel_win.cc, line 522

###!!! [Child][RunMessage] Error: Channel closing: too late to send/recv, messages will be lost

1593016877737	Marionette	INFO	Stopped listening on port 50831

###!!! [Child][RunMessage] Error: Channel closing: too late to send/recv, messages will be lost


###!!! [Child][MessageChannel::SendAndWait] Error: Channel error: cannot send/recv

